<?xml version="1.0" encoding="utf-8"?><testsuites><testsuite name="pytest" errors="0" failures="0" skipped="0" tests="6" time="4.995" timestamp="2026-05-06T14:20:51.934665+08:00" hostname="WestMacBook.local"><testcase classname="api-tests.test_regression" name="test_login_success_and_disabled_user_rejected" time="2.814" /><testcase classname="api-tests.test_regression" name="test_public_menu_only_contains_enabled_types_and_available_products" time="0.121" /><testcase classname="api-tests.test_regression" name="test_customer_order_is_bound_to_authenticated_user" time="0.990" /><testcase classname="api-tests.test_regression" name="test_admin_order_status_update_creates_customer_message" time="0.557" /><testcase classname="api-tests.test_regression" name="test_normal_user_cannot_call_management_apis" time="0.273" /><testcase classname="api-tests.test_regression" name="test_development_pay_api_returns_stable_shape" time="0.014" /></testsuite></testsuites>